

Microchip MPLAB XC8 Assembler V2.45 build 20230818022343 
                                                                                                           Thu May 09 03:47:49 2024


     1                           	processor	18F47Q43
     2                           	pagewidth 132
     3                           	psect	udata_acs,global,class=COMRAM,space=1,delta=1,lowdata,noexec
     4                           	psect	udata_bank5,global,class=BANK5,space=1,delta=1,lowdata,noexec
     5                           	psect	udata_bank6,global,class=BANK6,space=1,delta=1,lowdata,noexec
     6                           	psect	udata_bank7,global,class=BANK7,space=1,delta=1,lowdata,noexec
     7                           	psect	udata_bank8,global,class=BANK8,space=1,delta=1,lowdata,noexec
     8                           	psect	udata_bank9,global,class=BANK9,space=1,delta=1,lowdata,noexec
     9                           	psect	udata_bank10,global,class=BANK10,space=1,delta=1,lowdata,noexec
    10                           	psect	udata_bank11,global,class=BANK11,space=1,delta=1,lowdata,noexec
    11                           	psect	udata_bank12,global,class=BANK12,space=1,delta=1,lowdata,noexec
    12                           	psect	udata_bank13,global,class=BANK13,space=1,delta=1,lowdata,noexec
    13                           	psect	udata_bank14,global,class=BANK14,space=1,delta=1,lowdata,noexec
    14                           	psect	udata_bank15,global,class=BANK15,space=1,delta=1,lowdata,noexec
    15                           	psect	udata_bank16,global,class=BANK16,space=1,delta=1,noexec
    16                           	psect	udata_bank17,global,class=BANK17,space=1,delta=1,noexec
    17                           	psect	udata_bank18,global,class=BANK18,space=1,delta=1,noexec
    18                           	psect	udata_bank19,global,class=BANK19,space=1,delta=1,noexec
    19                           	psect	udata_bank20,global,class=BANK20,space=1,delta=1,noexec
    20                           	psect	udata_bank21,global,class=BANK21,space=1,delta=1,noexec
    21                           	psect	udata_bank22,global,class=BANK22,space=1,delta=1,noexec
    22                           	psect	udata_bank23,global,class=BANK23,space=1,delta=1,noexec
    23                           	psect	udata_bank24,global,class=BANK24,space=1,delta=1,noexec
    24                           	psect	udata_bank25,global,class=BANK25,space=1,delta=1,noexec
    25                           	psect	udata_bank26,global,class=BANK26,space=1,delta=1,noexec
    26                           	psect	udata_bank27,global,class=BANK27,space=1,delta=1,noexec
    27                           	psect	udata_bank28,global,class=BANK28,space=1,delta=1,noexec
    28                           	psect	udata_bank29,global,class=BANK29,space=1,delta=1,noexec
    29                           	psect	udata_bank30,global,class=BANK30,space=1,delta=1,noexec
    30                           	psect	udata_bank31,global,class=BANK31,space=1,delta=1,noexec
    31                           	psect	udata_bank32,global,class=BANK32,space=1,delta=1,noexec
    32                           	psect	udata_bank33,global,class=BANK33,space=1,delta=1,noexec
    33                           	psect	udata_bank34,global,class=BANK34,space=1,delta=1,noexec
    34                           	psect	udata_bank35,global,class=BANK35,space=1,delta=1,noexec
    35                           	psect	udata_bank36,global,class=BANK36,space=1,delta=1,noexec
    36                           	psect	udata,global,class=RAM,space=1,delta=1,noexec
    37                           	psect	code,global,reloc=2,class=CODE,delta=1
    38                           	psect	data,global,reloc=2,class=CONST,delta=1,noexec
    39                           	psect	edata,global,class=EEDATA,space=3,delta=1,noexec
    40                           	psect	text1,global,reloc=2,class=CODE,delta=1
    41   000000                     
    42                           	psect	edata
    43   000000                     stk_offset	set	0
    44   000000                     auto_size	set	0
    45                           
    46                           ; stack_auto defines a symbol /name/_offset which equates to the
    47                           ; stack offset of the auto object in question
    48   000000                     
    49                           ; stack_param defines a symbol /name/_offset which equates to the
    50                           ; stack offset of the parameter object in question
    51   000000                     
    52                           ; alloc_stack adjusts the SP to allocate space for auto objects
    53                           ; it also links in to the btemp symbol so that can be used
    54   000000                     
    55                           ; restore_stack adjusts the SP to remove all auto and parameter
    56                           ; objects from the stack prior to returning from a function
    57   000000                     
    58                           	psect	text1
    59   01FF8E                     _add:
    60                           	callstack 0
    61   000000                     stk_offset	set	-2
    62   000000                     auto_size	set	2
    63   000000                     stk_offset	set	-4
    64   000000                     auto_size	set	4
    65   000000                     stk_offset	set	-6
    66   000000                     stk_offset	set	-8
    67   01FF8E                     	if	0
    68   01FF8E                     	elsif	0
    69   01FF8E                     	elsif	0
    70   01FF8E                     	elsif	1
    71   01FF8E  0E04               	movlw	4
    72   01FF90  26E1               	addwf	fsr1l,f,c
    73   01FF92  0E00               	movlw	0
    74   01FF94  22E2               	addwfc	fsr1h,f,c
    75   01FF96                     	endif
    76   01FF96                     	endif
    77   01FF96                     	endif
    78   01FF96                     	endif
    79                           
    80                           ;tmp = base + index;
    81   01FF96  0EFA               	movlw	-6
    82   01FF98  0061 F38C  F504    	movff	plusw1,btemp
    83   01FF9E  0EFB               	movlw	-5
    84   01FFA0  0061 F38C  F505    	movff	plusw1,btemp+1
    85   01FFA6  0EF8               	movlw	-8
    86   01FFA8  50E3               	movf	plusw1,w,c
    87   01FFAA  2604               	addwf	btemp,f,c
    88   01FFAC  0EF9               	movlw	-7
    89   01FFAE  50E3               	movf	plusw1,w,c
    90   01FFB0  2205               	addwfc	btemp+1,f,c
    91   01FFB2  0EFE               	movlw	-2
    92   01FFB4  0061  F410  F4E3   	movff	btemp,plusw1
    93   01FFBA  0EFF               	movlw	-1
    94   01FFBC  0061  F414  F4E3   	movff	btemp+1,plusw1
    95                           
    96                           ;result = tmp + 1;
    97   01FFC2  0EFE               	movlw	-2
    98   01FFC4  50E3               	movf	plusw1,w,c
    99   01FFC6  0F01               	addlw	1
   100   01FFC8  6E04               	movwf	btemp,c
   101   01FFCA  0EFF               	movlw	-1
   102   01FFCC  0061 F38C  F505    	movff	plusw1,btemp+1
   103   01FFD2  0E00               	movlw	0
   104   01FFD4  2205               	addwfc	btemp+1,f,c
   105   01FFD6  0EFC               	movlw	-4
   106   01FFD8  0061  F410  F4E3   	movff	btemp,plusw1
   107   01FFDE  0EFD               	movlw	-3
   108   01FFE0  0061  F414  F4E3   	movff	btemp+1,plusw1
   109                           
   110                           ;return result;
   111   01FFE6  0EFC               	movlw	-4
   112   01FFE8  0061 F38C  F504    	movff	plusw1,btemp
   113   01FFEE  0EFD               	movlw	-3
   114   01FFF0  0061 F38C  F505    	movff	plusw1,btemp+1
   115   01FFF6  0EF8               	movlw	248
   116   01FFF8  26E1               	addwf	fsr1l,f,c
   117   01FFFA  0EFF               	movlw	255
   118   01FFFC  22E2               	addwfc	fsr1h,f,c
   119   000000                     stk_offset	set	0
   120   000000                     auto_size	set	0
   121   01FFFE  0012               	return	
   122                           tosu	equ	0x4FF
   123                           tosh	equ	0x4FE
   124                           tosl	equ	0x4FD
   125                           stkptr	equ	0x4FC
   126                           pclatu	equ	0x4FB
   127                           pclath	equ	0x4FA
   128                           pcl	equ	0x4F9
   129                           tblptru	equ	0x4F8
   130                           tblptrh	equ	0x4F7
   131                           tblptrl	equ	0x4F6
   132                           tablat	equ	0x4F5
   133                           prodh	equ	0x4F4
   134                           prodl	equ	0x4F3
   135                           indf0	equ	0x4EF
   136                           postinc0	equ	0x4EE
   137                           postdec0	equ	0x4ED
   138                           preinc0	equ	0x4EC
   139                           plusw0	equ	0x4EB
   140                           fsr0h	equ	0x4EA
   141                           fsr0l	equ	0x4E9
   142                           wreg	equ	0x4E8
   143                           indf1	equ	0x4E7
   144                           postinc1	equ	0x4E6
   145                           postdec1	equ	0x4E5
   146                           preinc1	equ	0x4E4
   147                           plusw1	equ	0x4E3
   148                           fsr1h	equ	0x4E2
   149                           fsr1l	equ	0x4E1
   150                           bsr	equ	0x4E0
   151                           indf2	equ	0x4DF
   152                           postinc2	equ	0x4DE
   153                           postdec2	equ	0x4DD
   154                           preinc2	equ	0x4DC
   155                           plusw2	equ	0x4DB
   156                           fsr2h	equ	0x4DA
   157                           fsr2l	equ	0x4D9
   158                           status	equ	0x4D8


Microchip Technology PIC18 Macro Assembler V2.45 build 20230818022343 
Symbol Table                                                                                               Thu May 09 03:47:49 2024

                           _add FF8E                            FSR1H 04E2                            FSR1L 04E1  
                          btemp 0504                           PLUSW1 04E3                     index_offset FFFFFFFFFFFFFFF8  
                        isa$std 0001                         POSTINC1 04E6                      base_offset FFFFFFFFFFFFFFFA  
                      isa$xinst 0000                        auto_size 0000                       tmp_offset FFFFFFFFFFFFFFFE  
                     stk_offset 0000                    result_offset FFFFFFFFFFFFFFFC  
